Compilation failed:
    source file: '/Users/tarcisiomelo/Desktop/Coding/people-detector/node_modules/opencv-build/opencv/opencv/cmake/checks/cxx11.cpp'
    check option: ''
===== BUILD LOG =====
Change Dir: '/Users/tarcisiomelo/Desktop/Coding/people-detector/node_modules/opencv-build/opencv/build/CMakeFiles/CMakeTmp'

Run Build Command(s): /opt/homebrew/Cellar/cmake/3.27.7/bin/cmake -E env VERBOSE=1 /usr/bin/make -f Makefile cmTC_286fa/fast
/Applications/Xcode.app/Contents/Developer/usr/bin/make  -f CMakeFiles/cmTC_286fa.dir/build.make CMakeFiles/cmTC_286fa.dir/build
Building CXX object CMakeFiles/cmTC_286fa.dir/cxx11.cpp.o
/Applications/Xcode.app/Contents/Developer/Toolchains/XcodeDefault.xctoolchain/usr/bin/c++   -arch arm64 -isysroot /Applications/Xcode.app/Contents/Developer/Platforms/MacOSX.platform/Developer/SDKs/MacOSX13.3.sdk -fPIE -MD -MT CMakeFiles/cmTC_286fa.dir/cxx11.cpp.o -MF CMakeFiles/cmTC_286fa.dir/cxx11.cpp.o.d -o CMakeFiles/cmTC_286fa.dir/cxx11.cpp.o -c /Users/tarcisiomelo/Desktop/Coding/people-detector/node_modules/opencv-build/opencv/opencv/cmake/checks/cxx11.cpp
/Users/tarcisiomelo/Desktop/Coding/people-detector/node_modules/opencv-build/opencv/opencv/cmake/checks/cxx11.cpp:4:2: error: "C++11 is not supported"
#error "C++11 is not supported"
 ^
/Users/tarcisiomelo/Desktop/Coding/people-detector/node_modules/opencv-build/opencv/opencv/cmake/checks/cxx11.cpp:11:5: warning: 'auto' type specifier is a C++11 extension [-Wc++11-extensions]
    auto res = test();
    ^
1 warning and 1 error generated.
make[1]: *** [CMakeFiles/cmTC_286fa.dir/cxx11.cpp.o] Error 1
make: *** [cmTC_286fa/fast] Error 2


===== END =====

Compilation failed:
    source file: '/Users/tarcisiomelo/Desktop/Coding/people-detector/node_modules/opencv-build/opencv/build/CMakeFiles/CMakeTmp/src.cxx'
    check option: ' -fsigned-char -W -Wall -Werror=return-type -Werror=non-virtual-dtor -Werror=address -Werror=sequence-point -Wformat -Werror=format-security -Wmissing-declarations -Wmissing-prototypes -Wstrict-prototypes -Wundef -Winit-self -Wpointer-arith -Wshadow -Wsign-promo -Wuninitialized -Winit-self -Wno-delete-non-virtual-dtor -Wno-unnamed-type-template-args -Wno-comment -fdiagnostics-show-option -Qunused-arguments -Wno-semicolon-before-method-body -ffunction-sections -fdata-sections   -mfp16-format=ieee'
===== BUILD LOG =====
Change Dir: '/Users/tarcisiomelo/Desktop/Coding/people-detector/node_modules/opencv-build/opencv/build/CMakeFiles/CMakeTmp'

Run Build Command(s): /opt/homebrew/Cellar/cmake/3.27.7/bin/cmake -E env VERBOSE=1 /usr/bin/make -f Makefile cmTC_95167/fast
/Applications/Xcode.app/Contents/Developer/usr/bin/make  -f CMakeFiles/cmTC_95167.dir/build.make CMakeFiles/cmTC_95167.dir/build
Building CXX object CMakeFiles/cmTC_95167.dir/src.cxx.o
/Applications/Xcode.app/Contents/Developer/Toolchains/XcodeDefault.xctoolchain/usr/bin/c++   -O3 -DNDEBUG -arch arm64 -isysroot /Applications/Xcode.app/Contents/Developer/Platforms/MacOSX.platform/Developer/SDKs/MacOSX13.3.sdk -fPIE    -fsigned-char -W -Wall -Werror=return-type -Werror=non-virtual-dtor -Werror=address -Werror=sequence-point -Wformat -Werror=format-security -Wmissing-declarations -Wmissing-prototypes -Wstrict-prototypes -Wundef -Winit-self -Wpointer-arith -Wshadow -Wsign-promo -Wuninitialized -Winit-self -Wno-delete-non-virtual-dtor -Wno-unnamed-type-template-args -Wno-comment -fdiagnostics-show-option -Qunused-arguments -Wno-semicolon-before-method-body -ffunction-sections -fdata-sections   -mfp16-format=ieee -MD -MT CMakeFiles/cmTC_95167.dir/src.cxx.o -MF CMakeFiles/cmTC_95167.dir/src.cxx.o.d -o CMakeFiles/cmTC_95167.dir/src.cxx.o -c /Users/tarcisiomelo/Desktop/Coding/people-detector/node_modules/opencv-build/opencv/build/CMakeFiles/CMakeTmp/src.cxx
clang: error: unknown argument: '-mfp16-format=ieee'
make[1]: *** [CMakeFiles/cmTC_95167.dir/src.cxx.o] Error 1
make: *** [cmTC_95167/fast] Error 2


===== END =====

Compilation failed:
    source file: '/Users/tarcisiomelo/Desktop/Coding/people-detector/node_modules/opencv-build/opencv/build/CMakeFiles/CMakeTmp/src.c'
    check option: ' -fsigned-char -W -Wall -Werror=return-type -Werror=non-virtual-dtor -Werror=address -Werror=sequence-point -Wformat -Werror=format-security -Wmissing-declarations -Wmissing-prototypes -Wstrict-prototypes -Wundef -Winit-self -Wpointer-arith -Wshadow -Wsign-promo -Wuninitialized -Winit-self -Wno-delete-non-virtual-dtor -Wno-unnamed-type-template-args -Wno-comment -fdiagnostics-show-option -Qunused-arguments -Wno-semicolon-before-method-body -ffunction-sections -fdata-sections   -mfp16-format=ieee'
===== BUILD LOG =====
Change Dir: '/Users/tarcisiomelo/Desktop/Coding/people-detector/node_modules/opencv-build/opencv/build/CMakeFiles/CMakeTmp'

Run Build Command(s): /opt/homebrew/Cellar/cmake/3.27.7/bin/cmake -E env VERBOSE=1 /usr/bin/make -f Makefile cmTC_9e1bc/fast
/Applications/Xcode.app/Contents/Developer/usr/bin/make  -f CMakeFiles/cmTC_9e1bc.dir/build.make CMakeFiles/cmTC_9e1bc.dir/build
Building C object CMakeFiles/cmTC_9e1bc.dir/src.c.o
/Applications/Xcode.app/Contents/Developer/Toolchains/XcodeDefault.xctoolchain/usr/bin/cc   -O3 -DNDEBUG -arch arm64 -isysroot /Applications/Xcode.app/Contents/Developer/Platforms/MacOSX.platform/Developer/SDKs/MacOSX13.3.sdk -fPIE    -fsigned-char -W -Wall -Werror=return-type -Werror=non-virtual-dtor -Werror=address -Werror=sequence-point -Wformat -Werror=format-security -Wmissing-declarations -Wmissing-prototypes -Wstrict-prototypes -Wundef -Winit-self -Wpointer-arith -Wshadow -Wsign-promo -Wuninitialized -Winit-self -Wno-delete-non-virtual-dtor -Wno-unnamed-type-template-args -Wno-comment -fdiagnostics-show-option -Qunused-arguments -Wno-semicolon-before-method-body -ffunction-sections -fdata-sections   -mfp16-format=ieee -MD -MT CMakeFiles/cmTC_9e1bc.dir/src.c.o -MF CMakeFiles/cmTC_9e1bc.dir/src.c.o.d -o CMakeFiles/cmTC_9e1bc.dir/src.c.o -c /Users/tarcisiomelo/Desktop/Coding/people-detector/node_modules/opencv-build/opencv/build/CMakeFiles/CMakeTmp/src.c
clang: error: unknown argument: '-mfp16-format=ieee'
make[1]: *** [CMakeFiles/cmTC_9e1bc.dir/src.c.o] Error 1
make: *** [cmTC_9e1bc/fast] Error 2


===== END =====

Build output check failed:
    Regex: 'unknown .*option'
    Output line: 'warning: unknown warning option '-Wno-maybe-uninitialized', did you mean '-Wno-uninitialized'? [-Wunknown-warning-option]'
Compilation failed:
    source file: '/Users/tarcisiomelo/Desktop/Coding/people-detector/node_modules/opencv-build/opencv/build/CMakeFiles/CMakeTmp/src.c'
    check option: ' -Wno-maybe-uninitialized'
===== BUILD LOG =====
Change Dir: '/Users/tarcisiomelo/Desktop/Coding/people-detector/node_modules/opencv-build/opencv/build/CMakeFiles/CMakeTmp'

Run Build Command(s): /opt/homebrew/Cellar/cmake/3.27.7/bin/cmake -E env VERBOSE=1 /usr/bin/make -f Makefile cmTC_8e60f/fast
/Applications/Xcode.app/Contents/Developer/usr/bin/make  -f CMakeFiles/cmTC_8e60f.dir/build.make CMakeFiles/cmTC_8e60f.dir/build
Building C object CMakeFiles/cmTC_8e60f.dir/src.c.o
/Applications/Xcode.app/Contents/Developer/Toolchains/XcodeDefault.xctoolchain/usr/bin/cc   -fsigned-char -W -Wall -Werror=return-type -Werror=non-virtual-dtor -Werror=address -Werror=sequence-point -Wformat -Werror=format-security -Wstrict-prototypes -Winit-self -Wpointer-arith -Wsign-promo -Wuninitialized -Winit-self -Wno-delete-non-virtual-dtor -Wno-unnamed-type-template-args -Wno-comment -fdiagnostics-show-option -Qunused-arguments -Wno-semicolon-before-method-body -ffunction-sections -fdata-sections  -fvisibility=hidden -fvisibility-inlines-hidden -Wno-unused-but-set-variable -Wno-missing-prototypes -Wno-missing-declarations -Wno-undef -Wno-unused -Wno-sign-compare -Wno-cast-align -Wno-shadow  -O3 -DNDEBUG -arch arm64 -isysroot /Applications/Xcode.app/Contents/Developer/Platforms/MacOSX.platform/Developer/SDKs/MacOSX13.3.sdk -fPIE    -Wno-maybe-uninitialized -MD -MT CMakeFiles/cmTC_8e60f.dir/src.c.o -MF CMakeFiles/cmTC_8e60f.dir/src.c.o.d -o CMakeFiles/cmTC_8e60f.dir/src.c.o -c /Users/tarcisiomelo/Desktop/Coding/people-detector/node_modules/opencv-build/opencv/build/CMakeFiles/CMakeTmp/src.c
warning: unknown warning option '-Wno-maybe-uninitialized'; did you mean '-Wno-uninitialized'? [-Wunknown-warning-option]
/Users/tarcisiomelo/Desktop/Coding/people-detector/node_modules/opencv-build/opencv/build/CMakeFiles/CMakeTmp/src.c:1:8: warning: unknown pragma ignored [-Wunknown-pragmas]
#pragma
       ^
2 warnings generated.
Linking C executable cmTC_8e60f
/opt/homebrew/Cellar/cmake/3.27.7/bin/cmake -E cmake_link_script CMakeFiles/cmTC_8e60f.dir/link.txt --verbose=1
/Applications/Xcode.app/Contents/Developer/Toolchains/XcodeDefault.xctoolchain/usr/bin/cc    -fsigned-char -W -Wall -Werror=return-type -Werror=non-virtual-dtor -Werror=address -Werror=sequence-point -Wformat -Werror=format-security -Wstrict-prototypes -Winit-self -Wpointer-arith -Wsign-promo -Wuninitialized -Winit-self -Wno-delete-non-virtual-dtor -Wno-unnamed-type-template-args -Wno-comment -fdiagnostics-show-option -Qunused-arguments -Wno-semicolon-before-method-body -ffunction-sections -fdata-sections  -fvisibility=hidden -fvisibility-inlines-hidden -Wno-unused-but-set-variable -Wno-missing-prototypes -Wno-missing-declarations -Wno-undef -Wno-unused -Wno-sign-compare -Wno-cast-align -Wno-shadow  -O3 -DNDEBUG -arch arm64 -isysroot /Applications/Xcode.app/Contents/Developer/Platforms/MacOSX.platform/Developer/SDKs/MacOSX13.3.sdk -Wl,-search_paths_first -Wl,-headerpad_max_install_names   -Wl,-dead_strip  CMakeFiles/cmTC_8e60f.dir/src.c.o -o cmTC_8e60f 


===== END =====

